<?xml version="1.0" encoding="UTF-8"?>
<!-- Generated by org.testng.reporters.JUnitReportReporter -->
<testsuite hostname="DESKTOP-PDKOP6A" failures="0" tests="2" name="swagproducts.SwagLabPurchaseTest" time="4.705" errors="0" timestamp="2023-01-10T11:00:31 IST" skipped="0">
  <testcase classname="swagproducts.SwagLabPurchaseTest" name="swagPurchase" time="2.628"/>
  <system-out/>
  <testcase classname="swagproducts.SwagLabPurchaseTest" name="printElements" time="2.077"/>
  <system-out/>
</testsuite> <!-- swagproducts.SwagLabPurchaseTest -->
