<?xml version="1.0" encoding="UTF-8"?>
<!-- Generated by org.testng.reporters.JUnitReportReporter -->
<testsuite hostname="DESKTOP-PDKOP6A" failures="0" tests="1" name="swaglabs.BaseClass" time="36.391" errors="0" timestamp="2023-01-09T14:51:34 IST" skipped="0">
  <testcase classname="swaglabs.BaseClass" name="browserLaunch" time="36.391"/>
  <system-out/>
</testsuite> <!-- swaglabs.BaseClass -->
