<?xml version="1.0" encoding="UTF-8"?>
<!-- Generated by org.testng.reporters.JUnitReportReporter -->
<testsuite hostname="DESKTOP-PDKOP6A" failures="0" tests="2" name="swagproducts.SwagLabPurchaseTest" time="4.868" errors="0" timestamp="2023-01-10T12:30:36 IST" skipped="0">
  <testcase classname="swagproducts.SwagLabPurchaseTest" name="printElements" time="1.599"/>
  <system-out/>
  <testcase classname="swagproducts.SwagLabPurchaseTest" name="swagPurchase" time="3.269"/>
  <system-out/>
</testsuite> <!-- swagproducts.SwagLabPurchaseTest -->
